c:\users\gsp023\documents\visual studio 2015\projects\ポリゴンの描画処理のクラス化\ポリゴンの描画処理のクラス化\release\vc140.pdb
c:\users\gsp023\documents\visual studio 2015\projects\ポリゴンの描画処理のクラス化\ポリゴンの描画処理のクラス化\release\result.obj
c:\users\gsp023\documents\visual studio 2015\projects\ポリゴンの描画処理のクラス化\ポリゴンの描画処理のクラス化\release\renderer.obj
c:\users\gsp023\documents\visual studio 2015\projects\ポリゴンの描画処理のクラス化\ポリゴンの描画処理のクラス化\release\ranking.obj
c:\users\gsp023\documents\visual studio 2015\projects\ポリゴンの描画処理のクラス化\ポリゴンの描画処理のクラス化\release\player.obj
c:\users\gsp023\documents\visual studio 2015\projects\ポリゴンの描画処理のクラス化\ポリゴンの描画処理のクラス化\release\number.obj
c:\users\gsp023\documents\visual studio 2015\projects\ポリゴンの描画処理のクラス化\ポリゴンの描画処理のクラス化\release\menu.obj
c:\users\gsp023\documents\visual studio 2015\projects\ポリゴンの描画処理のクラス化\ポリゴンの描画処理のクラス化\release\manager.obj
c:\users\gsp023\documents\visual studio 2015\projects\ポリゴンの描画処理のクラス化\ポリゴンの描画処理のクラス化\release\main.obj
c:\users\gsp023\documents\visual studio 2015\projects\ポリゴンの描画処理のクラス化\ポリゴンの描画処理のクラス化\release\life.obj
c:\users\gsp023\documents\visual studio 2015\projects\ポリゴンの描画処理のクラス化\ポリゴンの描画処理のクラス化\release\item.obj
c:\users\gsp023\documents\visual studio 2015\projects\ポリゴンの描画処理のクラス化\ポリゴンの描画処理のクラス化\release\input.obj
c:\users\gsp023\documents\visual studio 2015\projects\ポリゴンの描画処理のクラス化\ポリゴンの描画処理のクラス化\release\gaugeber.obj
c:\users\gsp023\documents\visual studio 2015\projects\ポリゴンの描画処理のクラス化\ポリゴンの描画処理のクラス化\release\gauge.obj
c:\users\gsp023\documents\visual studio 2015\projects\ポリゴンの描画処理のクラス化\ポリゴンの描画処理のクラス化\release\game.obj
c:\users\gsp023\documents\visual studio 2015\projects\ポリゴンの描画処理のクラス化\ポリゴンの描画処理のクラス化\release\fade.obj
c:\users\gsp023\documents\visual studio 2015\projects\ポリゴンの描画処理のクラス化\ポリゴンの描画処理のクラス化\release\explosion.obj
c:\users\gsp023\documents\visual studio 2015\projects\ポリゴンの描画処理のクラス化\ポリゴンの描画処理のクラス化\release\enemy.obj
c:\users\gsp023\documents\visual studio 2015\projects\ポリゴンの描画処理のクラス化\ポリゴンの描画処理のクラス化\release\charge.obj
c:\users\gsp023\documents\visual studio 2015\projects\ポリゴンの描画処理のクラス化\ポリゴンの描画処理のクラス化\release\bullet.obj
c:\users\gsp023\documents\visual studio 2015\projects\ポリゴンの描画処理のクラス化\ポリゴンの描画処理のクラス化\release\bg.obj
c:\users\gsp023\documents\visual studio 2015\projects\ポリゴンの描画処理のクラス化\ポリゴンの描画処理のクラス化\release\ui.obj
c:\users\gsp023\documents\visual studio 2015\projects\ポリゴンの描画処理のクラス化\ポリゴンの描画処理のクラス化\release\tutorial.obj
c:\users\gsp023\documents\visual studio 2015\projects\ポリゴンの描画処理のクラス化\ポリゴンの描画処理のクラス化\release\trackingplayer.obj
c:\users\gsp023\documents\visual studio 2015\projects\ポリゴンの描画処理のクラス化\ポリゴンの描画処理のクラス化\release\title.obj
c:\users\gsp023\documents\visual studio 2015\projects\ポリゴンの描画処理のクラス化\ポリゴンの描画処理のクラス化\release\sound.obj
c:\users\gsp023\documents\visual studio 2015\projects\ポリゴンの描画処理のクラス化\ポリゴンの描画処理のクラス化\release\score.obj
c:\users\gsp023\documents\visual studio 2015\projects\ポリゴンの描画処理のクラス化\ポリゴンの描画処理のクラス化\release\scene2d.obj
c:\users\gsp023\documents\visual studio 2015\projects\ポリゴンの描画処理のクラス化\ポリゴンの描画処理のクラス化\release\scene.obj
c:\users\gsp023\documents\visual studio 2015\projects\ポリゴンの描画処理のクラス化\ポリゴンの描画処理のクラス化\release\gameover.obj
c:\users\gsp023\documents\visual studio 2015\projects\ポリゴンの描画処理のクラス化\release\ポリゴンの描画処理のクラス化.exe
c:\users\gsp023\documents\visual studio 2015\projects\ポリゴンの描画処理のクラス化\release\ポリゴンの描画処理のクラス化.ipdb
c:\users\gsp023\documents\visual studio 2015\projects\ポリゴンの描画処理のクラス化\release\ポリゴンの描画処理のクラス化.iobj
c:\users\gsp023\documents\visual studio 2015\projects\ポリゴンの描画処理のクラス化\release\ポリゴンの描画処理のクラス化.pdb
c:\users\gsp023\documents\visual studio 2015\projects\ポリゴンの描画処理のクラス化\ポリゴンの描画処理のクラス化\release\ポリゴンの描画処理のクラス化.tlog\cl.command.1.tlog
c:\users\gsp023\documents\visual studio 2015\projects\ポリゴンの描画処理のクラス化\ポリゴンの描画処理のクラス化\release\ポリゴンの描画処理のクラス化.tlog\cl.read.1.tlog
c:\users\gsp023\documents\visual studio 2015\projects\ポリゴンの描画処理のクラス化\ポリゴンの描画処理のクラス化\release\ポリゴンの描画処理のクラス化.tlog\cl.write.1.tlog
c:\users\gsp023\documents\visual studio 2015\projects\ポリゴンの描画処理のクラス化\ポリゴンの描画処理のクラス化\release\ポリゴンの描画処理のクラス化.tlog\link.command.1.tlog
c:\users\gsp023\documents\visual studio 2015\projects\ポリゴンの描画処理のクラス化\ポリゴンの描画処理のクラス化\release\ポリゴンの描画処理のクラス化.tlog\link.read.1.tlog
c:\users\gsp023\documents\visual studio 2015\projects\ポリゴンの描画処理のクラス化\ポリゴンの描画処理のクラス化\release\ポリゴンの描画処理のクラス化.tlog\link.write.1.tlog
