c:\users\gsp023\documents\visual studio 2015\projects\ポリゴンの描画処理のクラス化\ポリゴンの描画処理のクラス化\debug\vc140.pdb
c:\users\gsp023\documents\visual studio 2015\projects\ポリゴンの描画処理のクラス化\ポリゴンの描画処理のクラス化\debug\vc140.idb
c:\users\gsp023\documents\visual studio 2015\projects\ポリゴンの描画処理のクラス化\ポリゴンの描画処理のクラス化\debug\gauge.obj
c:\users\gsp023\documents\visual studio 2015\projects\ポリゴンの描画処理のクラス化\ポリゴンの描画処理のクラス化\debug\gaugeber.obj
c:\users\gsp023\documents\visual studio 2015\projects\ポリゴンの描画処理のクラス化\ポリゴンの描画処理のクラス化\debug\input.obj
c:\users\gsp023\documents\visual studio 2015\projects\ポリゴンの描画処理のクラス化\ポリゴンの描画処理のクラス化\debug\item.obj
c:\users\gsp023\documents\visual studio 2015\projects\ポリゴンの描画処理のクラス化\ポリゴンの描画処理のクラス化\debug\life.obj
c:\users\gsp023\documents\visual studio 2015\projects\ポリゴンの描画処理のクラス化\ポリゴンの描画処理のクラス化\debug\main.obj
c:\users\gsp023\documents\visual studio 2015\projects\ポリゴンの描画処理のクラス化\ポリゴンの描画処理のクラス化\debug\manager.obj
c:\users\gsp023\documents\visual studio 2015\projects\ポリゴンの描画処理のクラス化\ポリゴンの描画処理のクラス化\debug\number.obj
c:\users\gsp023\documents\visual studio 2015\projects\ポリゴンの描画処理のクラス化\ポリゴンの描画処理のクラス化\debug\player.obj
c:\users\gsp023\documents\visual studio 2015\projects\ポリゴンの描画処理のクラス化\ポリゴンの描画処理のクラス化\debug\ranking.obj
c:\users\gsp023\documents\visual studio 2015\projects\ポリゴンの描画処理のクラス化\ポリゴンの描画処理のクラス化\debug\renderer.obj
c:\users\gsp023\documents\visual studio 2015\projects\ポリゴンの描画処理のクラス化\ポリゴンの描画処理のクラス化\debug\result.obj
c:\users\gsp023\documents\visual studio 2015\projects\ポリゴンの描画処理のクラス化\ポリゴンの描画処理のクラス化\debug\scene.obj
c:\users\gsp023\documents\visual studio 2015\projects\ポリゴンの描画処理のクラス化\ポリゴンの描画処理のクラス化\debug\scene2d.obj
c:\users\gsp023\documents\visual studio 2015\projects\ポリゴンの描画処理のクラス化\ポリゴンの描画処理のクラス化\debug\score.obj
c:\users\gsp023\documents\visual studio 2015\projects\ポリゴンの描画処理のクラス化\ポリゴンの描画処理のクラス化\debug\sound.obj
c:\users\gsp023\documents\visual studio 2015\projects\ポリゴンの描画処理のクラス化\ポリゴンの描画処理のクラス化\debug\title.obj
c:\users\gsp023\documents\visual studio 2015\projects\ポリゴンの描画処理のクラス化\ポリゴンの描画処理のクラス化\debug\trackingplayer.obj
c:\users\gsp023\documents\visual studio 2015\projects\ポリゴンの描画処理のクラス化\ポリゴンの描画処理のクラス化\debug\tutorial.obj
c:\users\gsp023\documents\visual studio 2015\projects\ポリゴンの描画処理のクラス化\ポリゴンの描画処理のクラス化\debug\ui.obj
c:\users\gsp023\documents\visual studio 2015\projects\ポリゴンの描画処理のクラス化\ポリゴンの描画処理のクラス化\debug\bg.obj
c:\users\gsp023\documents\visual studio 2015\projects\ポリゴンの描画処理のクラス化\ポリゴンの描画処理のクラス化\debug\bullet.obj
c:\users\gsp023\documents\visual studio 2015\projects\ポリゴンの描画処理のクラス化\ポリゴンの描画処理のクラス化\debug\charge.obj
c:\users\gsp023\documents\visual studio 2015\projects\ポリゴンの描画処理のクラス化\ポリゴンの描画処理のクラス化\debug\enemy.obj
c:\users\gsp023\documents\visual studio 2015\projects\ポリゴンの描画処理のクラス化\ポリゴンの描画処理のクラス化\debug\explosion.obj
c:\users\gsp023\documents\visual studio 2015\projects\ポリゴンの描画処理のクラス化\ポリゴンの描画処理のクラス化\debug\fade.obj
c:\users\gsp023\documents\visual studio 2015\projects\ポリゴンの描画処理のクラス化\ポリゴンの描画処理のクラス化\debug\game.obj
c:\users\gsp023\documents\visual studio 2015\projects\ポリゴンの描画処理のクラス化\ポリゴンの描画処理のクラス化\debug\gameover.obj
c:\users\gsp023\documents\visual studio 2015\projects\ポリゴンの描画処理のクラス化\debug\ポリゴンの描画処理のクラス化.ilk
c:\users\gsp023\documents\visual studio 2015\projects\ポリゴンの描画処理のクラス化\debug\ポリゴンの描画処理のクラス化.exe
c:\users\gsp023\documents\visual studio 2015\projects\ポリゴンの描画処理のクラス化\debug\ポリゴンの描画処理のクラス化.pdb
c:\users\gsp023\documents\visual studio 2015\projects\ポリゴンの描画処理のクラス化\ポリゴンの描画処理のクラス化\debug\bullet.obj.enc
c:\users\gsp023\documents\visual studio 2015\projects\ポリゴンの描画処理のクラス化\ポリゴンの描画処理のクラス化\debug\enemy.obj.enc
c:\users\gsp023\documents\visual studio 2015\projects\ポリゴンの描画処理のクラス化\ポリゴンの描画処理のクラス化\debug\scene.obj.enc
c:\users\gsp023\documents\visual studio 2015\projects\ポリゴンの描画処理のクラス化\ポリゴンの描画処理のクラス化\debug\ポリゴンの描画処理のクラス化.tlog\cl.command.1.tlog
c:\users\gsp023\documents\visual studio 2015\projects\ポリゴンの描画処理のクラス化\ポリゴンの描画処理のクラス化\debug\ポリゴンの描画処理のクラス化.tlog\cl.read.1.tlog
c:\users\gsp023\documents\visual studio 2015\projects\ポリゴンの描画処理のクラス化\ポリゴンの描画処理のクラス化\debug\ポリゴンの描画処理のクラス化.tlog\cl.write.1.tlog
c:\users\gsp023\documents\visual studio 2015\projects\ポリゴンの描画処理のクラス化\ポリゴンの描画処理のクラス化\debug\ポリゴンの描画処理のクラス化.tlog\link.command.1.tlog
c:\users\gsp023\documents\visual studio 2015\projects\ポリゴンの描画処理のクラス化\ポリゴンの描画処理のクラス化\debug\ポリゴンの描画処理のクラス化.tlog\link.read.1.tlog
c:\users\gsp023\documents\visual studio 2015\projects\ポリゴンの描画処理のクラス化\ポリゴンの描画処理のクラス化\debug\ポリゴンの描画処理のクラス化.tlog\link.write.1.tlog
